Arguments: 
  C:\Program Files (x86)\nodejs\node.exe C:\Users\pc\AppData\Roaming\npm\node_modules\yarn\bin\yarn.js add classnames eslint gatsby-plugin-less imagesloade less less-loader locomotive-scroll node-sass react-feather react-loadable

PATH: 
  C:\WINDOWS\system32;C:\WINDOWS;C:\WINDOWS\System32\Wbem;C:\WINDOWS\System32\WindowsPowerShell\v1.0\;C:\WINDOWS\System32\OpenSSH\;C:\MinGW\bin;C:\Program Files\Git\cmd;C:\Program Files (x86)\nodejs\;C:\ProgramData\chocolatey\bin;C:\Users\{user_name}\AppData\Local\Android\Sdk;C:\Users\pc\AppData\Local\Microsoft\WindowsApps;C:\Users\pc\AppData\Local\Programs\Microsoft VS Code\bin;C:\Users\pc\AppData\Local\hyper\app-3.0.2\resources\bin;C:\ProgramData\pc\hyper\app-3.0.2\resources\bin;C:\Program Files\heroku\bin;C:\Program Files\MongoDB\Server\4.4\bin;C:\Users\pc\AppData\Roaming\npm

Yarn version: 
  1.22.10

Node version: 
  14.17.0

Platform: 
  win32 ia32

Trace: 
  Error: https://registry.yarnpkg.com/imagesloade: Not found
      at Request.params.callback [as _callback] (C:\Users\pc\AppData\Roaming\npm\node_modules\yarn\lib\cli.js:66988:18)
      at Request.self.callback (C:\Users\pc\AppData\Roaming\npm\node_modules\yarn\lib\cli.js:140662:22)
      at Request.emit (events.js:376:20)
      at Request.<anonymous> (C:\Users\pc\AppData\Roaming\npm\node_modules\yarn\lib\cli.js:141634:10)
      at Request.emit (events.js:376:20)
      at IncomingMessage.<anonymous> (C:\Users\pc\AppData\Roaming\npm\node_modules\yarn\lib\cli.js:141556:12)
      at Object.onceWrapper (events.js:482:28)
      at IncomingMessage.emit (events.js:388:22)
      at endReadableNT (internal/streams/readable.js:1336:12)
      at processTicksAndRejections (internal/process/task_queues.js:82:21)

npm manifest: 
  {
    "name": "my-gatsby-site",
    "version": "1.0.0",
    "private": true,
    "description": "My Gatsby Site",
    "author": "divyanshusinghparmar",
    "keywords": [
      "gatsby"
    ],
    "scripts": {
      "develop": "gatsby develop",
      "start": "gatsby develop",
      "build": "gatsby build",
      "serve": "gatsby serve",
      "clean": "gatsby clean"
    },
    "dependencies": {
      "gatsby": "^3.13.0",
      "gatsby-plugin-sass": "^4.13.0",
      "react": "^17.0.1",
      "react-dom": "^17.0.1",
      "sass": "^1.39.0"
    }
  }

yarn manifest: 
  No manifest

Lockfile: 
  No lockfile
